<?xml version="1.0" encoding="UTF-8"?>
<robot generator="Robot 5.0.1 (Python 3.10.6 on win32)" generated="20220921 22:24:31.641" rpa="false" schemaversion="3">
<suite id="s1" name="Select" source="C:\Users\rodne\Desktop\Cursos\robot-selenium\web\tests\select.robot">
<test id="s1-t1" name="Selecionando dropdown" line="9">
<kw name="Nova Sessão" library="base" type="SETUP">
<kw name="Open Browser" library="SeleniumLibrary">
<arg>${base_url}</arg>
<arg>chrome</arg>
<doc>Opens a new browser instance to the optional ``url``.</doc>
<msg timestamp="20220921 22:24:31.867" level="INFO">Opening browser 'chrome' to base url 'https://training-wheels-protocol.herokuapp.com/'.</msg>
<status status="PASS" starttime="20220921 22:24:31.867" endtime="20220921 22:24:38.319"/>
</kw>
<status status="PASS" starttime="20220921 22:24:31.867" endtime="20220921 22:24:38.319"/>
</kw>
<kw name="Go To" library="SeleniumLibrary">
<arg>${base_url}/dropdown</arg>
<doc>Navigates the current browser window to the provided ``url``.</doc>
<msg timestamp="20220921 22:24:38.319" level="INFO">Opening url 'https://training-wheels-protocol.herokuapp.com//dropdown'</msg>
<status status="PASS" starttime="20220921 22:24:38.319" endtime="20220921 22:24:38.855"/>
</kw>
<kw name="Select From List By Value" library="SeleniumLibrary">
<arg>css:select[id="dropdown"] option[value="2"]</arg>
<doc>Selects options from selection list ``locator`` by ``values``.</doc>
<msg timestamp="20220921 22:24:39.278" level="INFO" html="true">&lt;/td&gt;&lt;/tr&gt;&lt;tr&gt;&lt;td colspan="3"&gt;&lt;a href="selenium-screenshot-1.png"&gt;&lt;img src="selenium-screenshot-1.png" width="800px"&gt;&lt;/a&gt;</msg>
<msg timestamp="20220921 22:24:39.278" level="FAIL">ValueError: No values given.</msg>
<status status="FAIL" starttime="20220921 22:24:38.859" endtime="20220921 22:24:39.278"/>
</kw>
<kw name="Encerra Sessão" library="base" type="TEARDOWN">
<kw name="Capture Page Screenshot" library="SeleniumLibrary">
<doc>Takes a screenshot of the current page and embeds it into a log file.</doc>
<msg timestamp="20220921 22:24:39.483" level="INFO" html="true">&lt;/td&gt;&lt;/tr&gt;&lt;tr&gt;&lt;td colspan="3"&gt;&lt;a href="selenium-screenshot-2.png"&gt;&lt;img src="selenium-screenshot-2.png" width="800px"&gt;&lt;/a&gt;</msg>
<status status="PASS" starttime="20220921 22:24:39.278" endtime="20220921 22:24:39.483"/>
</kw>
<kw name="Close Browser" library="SeleniumLibrary">
<doc>Closes the current browser.</doc>
<status status="PASS" starttime="20220921 22:24:39.483" endtime="20220921 22:24:41.670"/>
</kw>
<status status="PASS" starttime="20220921 22:24:39.278" endtime="20220921 22:24:41.670"/>
</kw>
<status status="FAIL" starttime="20220921 22:24:31.867" endtime="20220921 22:24:41.670">ValueError: No values given.</status>
</test>
<status status="FAIL" starttime="20220921 22:24:31.641" endtime="20220921 22:24:41.670"/>
</suite>
<statistics>
<total>
<stat pass="0" fail="1" skip="0">All Tests</stat>
</total>
<tag>
</tag>
<suite>
<stat pass="0" fail="1" skip="0" id="s1" name="Select">Select</stat>
</suite>
</statistics>
<errors>
</errors>
</robot>
