<?xml version="1.0" encoding="UTF-8"?>
<robot generator="Robot 5.0.1 (Python 3.10.6 on win32)" generated="20220922 17:23:51.729" rpa="false" schemaversion="3">
<suite id="s1" name="Login" source="C:\Users\rodne\Desktop\Cursos\robot-selenium\web\tests\login.robot">
<test id="s1-t1" name="Deve realizar login com sucesso" line="17">
<kw name="Nova Sessão" library="base" type="SETUP">
<kw name="Open Browser" library="SeleniumLibrary">
<arg>${base_url}</arg>
<arg>chrome</arg>
<doc>Opens a new browser instance to the optional ``url``.</doc>
<msg timestamp="20220922 17:23:51.877" level="INFO">Opening browser 'chrome' to base url 'https://training-wheels-protocol.herokuapp.com/'.</msg>
<status status="PASS" starttime="20220922 17:23:51.877" endtime="20220922 17:23:57.942"/>
</kw>
<status status="PASS" starttime="20220922 17:23:51.877" endtime="20220922 17:23:57.943"/>
</kw>
<kw name="Go To" library="SeleniumLibrary">
<arg>${base_url}/login</arg>
<doc>Navigates the current browser window to the provided ``url``.</doc>
<msg timestamp="20220922 17:23:57.943" level="INFO">Opening url 'https://training-wheels-protocol.herokuapp.com//login'</msg>
<status status="PASS" starttime="20220922 17:23:57.943" endtime="20220922 17:23:58.580"/>
</kw>
<kw name="Login with">
<arg>stark</arg>
<arg>jarvis!</arg>
<kw name="Input Text" library="SeleniumLibrary">
<arg>id:userId</arg>
<arg>${user}</arg>
<doc>Types the given ``text`` into the text field identified by ``locator``.</doc>
<msg timestamp="20220922 17:23:58.581" level="INFO">Typing text 'stark' into text field 'id:userId'.</msg>
<status status="PASS" starttime="20220922 17:23:58.581" endtime="20220922 17:23:58.705"/>
</kw>
<kw name="Input Password" library="SeleniumLibrary">
<arg>css:input[name="password"]</arg>
<arg>${pass}</arg>
<doc>Types the given password into the text field identified by ``locator``.</doc>
<msg timestamp="20220922 17:23:58.705" level="INFO">Typing password into text field 'css:input[name="password"]'.</msg>
<msg timestamp="20220922 17:23:58.748" level="INFO">Temporally setting log level to: NONE</msg>
<msg timestamp="20220922 17:23:58.801" level="INFO">Log level changed from NONE to INFO.</msg>
<status status="PASS" starttime="20220922 17:23:58.705" endtime="20220922 17:23:58.801"/>
</kw>
<kw name="Click Element" library="SeleniumLibrary">
<arg>css:button[type=submit]</arg>
<doc>Click the element identified by ``locator``.</doc>
<msg timestamp="20220922 17:23:58.801" level="INFO">Clicking element 'css:button[type=submit]'.</msg>
<status status="PASS" starttime="20220922 17:23:58.801" endtime="20220922 17:23:59.204"/>
</kw>
<status status="PASS" starttime="20220922 17:23:58.580" endtime="20220922 17:23:59.204"/>
</kw>
<kw name="Page Should Contain" library="SeleniumLibrary">
<arg>Olá, Tony Stark. Você acessou a área logada!</arg>
<doc>Verifies that current page contains ``text``.</doc>
<msg timestamp="20220922 17:23:59.219" level="INFO">Current page contains text 'Olá, Tony Stark. Você acessou a área logada!'.</msg>
<status status="PASS" starttime="20220922 17:23:59.204" endtime="20220922 17:23:59.219"/>
</kw>
<kw name="Encerra Sessão" library="base" type="TEARDOWN">
<kw name="Capture Page Screenshot" library="SeleniumLibrary">
<doc>Takes a screenshot of the current page and embeds it into a log file.</doc>
<msg timestamp="20220922 17:23:59.389" level="INFO" html="true">&lt;/td&gt;&lt;/tr&gt;&lt;tr&gt;&lt;td colspan="3"&gt;&lt;a href="selenium-screenshot-29.png"&gt;&lt;img src="selenium-screenshot-29.png" width="800px"&gt;&lt;/a&gt;</msg>
<status status="PASS" starttime="20220922 17:23:59.220" endtime="20220922 17:23:59.389"/>
</kw>
<kw name="Close Browser" library="SeleniumLibrary">
<doc>Closes the current browser.</doc>
<status status="PASS" starttime="20220922 17:23:59.389" endtime="20220922 17:24:01.494"/>
</kw>
<status status="PASS" starttime="20220922 17:23:59.220" endtime="20220922 17:24:01.494"/>
</kw>
<status status="PASS" starttime="20220922 17:23:51.877" endtime="20220922 17:24:01.494"/>
</test>
<test id="s1-t2" name="Login com dados inválidos" line="23">
<kw name="Nova Sessão" library="base" type="SETUP">
<kw name="Open Browser" library="SeleniumLibrary">
<arg>${base_url}</arg>
<arg>chrome</arg>
<doc>Opens a new browser instance to the optional ``url``.</doc>
<msg timestamp="20220922 17:24:01.494" level="INFO">Opening browser 'chrome' to base url 'https://training-wheels-protocol.herokuapp.com/'.</msg>
<status status="PASS" starttime="20220922 17:24:01.494" endtime="20220922 17:24:07.173"/>
</kw>
<status status="PASS" starttime="20220922 17:24:01.494" endtime="20220922 17:24:07.174"/>
</kw>
<kw name="Go To" library="SeleniumLibrary">
<arg>${base_url}/login</arg>
<doc>Navigates the current browser window to the provided ``url``.</doc>
<msg timestamp="20220922 17:24:07.175" level="INFO">Opening url 'https://training-wheels-protocol.herokuapp.com//login'</msg>
<status status="PASS" starttime="20220922 17:24:07.174" endtime="20220922 17:24:07.804"/>
</kw>
<kw name="Login with">
<arg>stark</arg>
<arg>abcde</arg>
<kw name="Input Text" library="SeleniumLibrary">
<arg>id:userId</arg>
<arg>${user}</arg>
<doc>Types the given ``text`` into the text field identified by ``locator``.</doc>
<msg timestamp="20220922 17:24:07.805" level="INFO">Typing text 'stark' into text field 'id:userId'.</msg>
<status status="PASS" starttime="20220922 17:24:07.805" endtime="20220922 17:24:07.925"/>
</kw>
<kw name="Input Password" library="SeleniumLibrary">
<arg>css:input[name="password"]</arg>
<arg>${pass}</arg>
<doc>Types the given password into the text field identified by ``locator``.</doc>
<msg timestamp="20220922 17:24:07.925" level="INFO">Typing password into text field 'css:input[name="password"]'.</msg>
<msg timestamp="20220922 17:24:07.970" level="INFO">Temporally setting log level to: NONE</msg>
<msg timestamp="20220922 17:24:08.016" level="INFO">Log level changed from NONE to INFO.</msg>
<status status="PASS" starttime="20220922 17:24:07.925" endtime="20220922 17:24:08.016"/>
</kw>
<kw name="Click Element" library="SeleniumLibrary">
<arg>css:button[type=submit]</arg>
<doc>Click the element identified by ``locator``.</doc>
<msg timestamp="20220922 17:24:08.016" level="INFO">Clicking element 'css:button[type=submit]'.</msg>
<status status="PASS" starttime="20220922 17:24:08.016" endtime="20220922 17:24:08.415"/>
</kw>
<status status="PASS" starttime="20220922 17:24:07.804" endtime="20220922 17:24:08.415"/>
</kw>
<kw name="Get WebElement" library="SeleniumLibrary">
<var>${message}</var>
<arg>id:flash</arg>
<doc>Returns the first WebElement matching the given ``locator``.</doc>
<msg timestamp="20220922 17:24:08.429" level="INFO">${message} = &lt;selenium.webdriver.remote.webelement.WebElement (session="578b4d7da9bd028db84af4d68d6d0b77", element="373a3bc4-65f5-455d-aaaa-753776d89d11")&gt;</msg>
<status status="PASS" starttime="20220922 17:24:08.416" endtime="20220922 17:24:08.429"/>
</kw>
<kw name="Should Contain" library="BuiltIn">
<arg>${message.text}</arg>
<arg>Senha é invalida!</arg>
<doc>Fails if ``container`` does not contain ``item`` one or more times.</doc>
<status status="PASS" starttime="20220922 17:24:08.429" endtime="20220922 17:24:08.443"/>
</kw>
<kw name="Encerra Sessão" library="base" type="TEARDOWN">
<kw name="Capture Page Screenshot" library="SeleniumLibrary">
<doc>Takes a screenshot of the current page and embeds it into a log file.</doc>
<msg timestamp="20220922 17:24:08.606" level="INFO" html="true">&lt;/td&gt;&lt;/tr&gt;&lt;tr&gt;&lt;td colspan="3"&gt;&lt;a href="selenium-screenshot-30.png"&gt;&lt;img src="selenium-screenshot-30.png" width="800px"&gt;&lt;/a&gt;</msg>
<status status="PASS" starttime="20220922 17:24:08.444" endtime="20220922 17:24:08.606"/>
</kw>
<kw name="Close Browser" library="SeleniumLibrary">
<doc>Closes the current browser.</doc>
<status status="PASS" starttime="20220922 17:24:08.606" endtime="20220922 17:24:10.720"/>
</kw>
<status status="PASS" starttime="20220922 17:24:08.443" endtime="20220922 17:24:10.720"/>
</kw>
<tag>login_error</tag>
<status status="PASS" starttime="20220922 17:24:01.494" endtime="20220922 17:24:10.720"/>
</test>
<status status="PASS" starttime="20220922 17:23:51.742" endtime="20220922 17:24:10.720"/>
</suite>
<statistics>
<total>
<stat pass="2" fail="0" skip="0">All Tests</stat>
</total>
<tag>
<stat pass="1" fail="0" skip="0">login_error</stat>
</tag>
<suite>
<stat pass="2" fail="0" skip="0" id="s1" name="Login">Login</stat>
</suite>
</statistics>
<errors>
</errors>
</robot>
