<?xml version="1.0" encoding="UTF-8"?>
<robot generator="Robot 5.0.1 (Python 3.10.6 on win32)" generated="20220921 22:12:31.843" rpa="false" schemaversion="3">
<suite id="s1" name="Tests" source="C:\Users\rodne\Desktop\Cursos\robot-selenium\web\tests">
<suite id="s1-s1" name="Checkboxes" source="C:\Users\rodne\Desktop\Cursos\robot-selenium\web\tests\checkboxes.robot">
<test id="s1-s1-t1" name="Marcando checkbox com id" line="15">
<kw name="Nova Sessão" library="base" type="SETUP">
<kw name="Open Browser" library="SeleniumLibrary">
<arg>${base_url}</arg>
<arg>chrome</arg>
<doc>Opens a new browser instance to the optional ``url``.</doc>
<msg timestamp="20220921 22:12:32.044" level="INFO">Opening browser 'chrome' to base url 'https://training-wheels-protocol.herokuapp.com/'.</msg>
<status status="PASS" starttime="20220921 22:12:32.044" endtime="20220921 22:12:39.331"/>
</kw>
<status status="PASS" starttime="20220921 22:12:32.044" endtime="20220921 22:12:39.331"/>
</kw>
<kw name="Go To" library="SeleniumLibrary">
<arg>${base_url}/checkboxes</arg>
<doc>Navigates the current browser window to the provided ``url``.</doc>
<msg timestamp="20220921 22:12:39.334" level="INFO">Opening url 'https://training-wheels-protocol.herokuapp.com//checkboxes'</msg>
<status status="PASS" starttime="20220921 22:12:39.332" endtime="20220921 22:12:41.706"/>
</kw>
<kw name="Select Checkbox" library="SeleniumLibrary">
<arg>id:thor</arg>
<doc>Selects the checkbox identified by ``locator``.</doc>
<msg timestamp="20220921 22:12:41.706" level="INFO">Selecting checkbox 'id:thor'.</msg>
<status status="PASS" starttime="20220921 22:12:41.706" endtime="20220921 22:12:41.907"/>
</kw>
<kw name="Checkbox Should Be Selected" library="SeleniumLibrary">
<arg>id:thor</arg>
<doc>Verifies checkbox ``locator`` is selected/checked.</doc>
<msg timestamp="20220921 22:12:41.907" level="INFO">Verifying checkbox 'id:thor' is selected.</msg>
<status status="PASS" starttime="20220921 22:12:41.907" endtime="20220921 22:12:41.971"/>
</kw>
<kw name="Encerra Sessão" library="base" type="TEARDOWN">
<kw name="Capture Page Screenshot" library="SeleniumLibrary">
<doc>Takes a screenshot of the current page and embeds it into a log file.</doc>
<msg timestamp="20220921 22:12:42.289" level="INFO" html="true">&lt;/td&gt;&lt;/tr&gt;&lt;tr&gt;&lt;td colspan="3"&gt;&lt;a href="selenium-screenshot-1.png"&gt;&lt;img src="selenium-screenshot-1.png" width="800px"&gt;&lt;/a&gt;</msg>
<status status="PASS" starttime="20220921 22:12:41.987" endtime="20220921 22:12:42.289"/>
</kw>
<kw name="Close Browser" library="SeleniumLibrary">
<doc>Closes the current browser.</doc>
<status status="PASS" starttime="20220921 22:12:42.289" endtime="20220921 22:12:44.516"/>
</kw>
<status status="PASS" starttime="20220921 22:12:41.987" endtime="20220921 22:12:44.516"/>
</kw>
<status status="PASS" starttime="20220921 22:12:32.044" endtime="20220921 22:12:44.516"/>
</test>
<test id="s1-s1-t2" name="Marcando checkbox com css" line="20">
<kw name="Nova Sessão" library="base" type="SETUP">
<kw name="Open Browser" library="SeleniumLibrary">
<arg>${base_url}</arg>
<arg>chrome</arg>
<doc>Opens a new browser instance to the optional ``url``.</doc>
<msg timestamp="20220921 22:12:44.521" level="INFO">Opening browser 'chrome' to base url 'https://training-wheels-protocol.herokuapp.com/'.</msg>
<status status="PASS" starttime="20220921 22:12:44.521" endtime="20220921 22:13:06.189"/>
</kw>
<status status="PASS" starttime="20220921 22:12:44.521" endtime="20220921 22:13:06.189"/>
</kw>
<kw name="Go To" library="SeleniumLibrary">
<arg>${base_url}/checkboxes</arg>
<doc>Navigates the current browser window to the provided ``url``.</doc>
<msg timestamp="20220921 22:13:06.189" level="INFO">Opening url 'https://training-wheels-protocol.herokuapp.com//checkboxes'</msg>
<status status="PASS" starttime="20220921 22:13:06.189" endtime="20220921 22:13:07.004"/>
</kw>
<kw name="Select Checkbox" library="SeleniumLibrary">
<arg>${iron-man}</arg>
<doc>Selects the checkbox identified by ``locator``.</doc>
<msg timestamp="20220921 22:13:07.011" level="INFO">Selecting checkbox 'css:input[value="iron-man"]'.</msg>
<status status="PASS" starttime="20220921 22:13:07.009" endtime="20220921 22:13:07.203"/>
</kw>
<kw name="Checkbox Should Be Selected" library="SeleniumLibrary">
<arg>${iron-man}</arg>
<doc>Verifies checkbox ``locator`` is selected/checked.</doc>
<msg timestamp="20220921 22:13:07.203" level="INFO">Verifying checkbox 'css:input[value="iron-man"]' is selected.</msg>
<status status="PASS" starttime="20220921 22:13:07.203" endtime="20220921 22:13:07.258"/>
</kw>
<kw name="Encerra Sessão" library="base" type="TEARDOWN">
<kw name="Capture Page Screenshot" library="SeleniumLibrary">
<doc>Takes a screenshot of the current page and embeds it into a log file.</doc>
<msg timestamp="20220921 22:13:07.509" level="INFO" html="true">&lt;/td&gt;&lt;/tr&gt;&lt;tr&gt;&lt;td colspan="3"&gt;&lt;a href="selenium-screenshot-2.png"&gt;&lt;img src="selenium-screenshot-2.png" width="800px"&gt;&lt;/a&gt;</msg>
<status status="PASS" starttime="20220921 22:13:07.258" endtime="20220921 22:13:07.509"/>
</kw>
<kw name="Close Browser" library="SeleniumLibrary">
<doc>Closes the current browser.</doc>
<status status="PASS" starttime="20220921 22:13:07.509" endtime="20220921 22:13:09.782"/>
</kw>
<status status="PASS" starttime="20220921 22:13:07.258" endtime="20220921 22:13:09.782"/>
</kw>
<tag>ironman</tag>
<status status="PASS" starttime="20220921 22:12:44.521" endtime="20220921 22:13:09.782"/>
</test>
<test id="s1-s1-t3" name="Marcando checkbox com Xpath" line="26">
<kw name="Nova Sessão" library="base" type="SETUP">
<kw name="Open Browser" library="SeleniumLibrary">
<arg>${base_url}</arg>
<arg>chrome</arg>
<doc>Opens a new browser instance to the optional ``url``.</doc>
<msg timestamp="20220921 22:13:09.782" level="INFO">Opening browser 'chrome' to base url 'https://training-wheels-protocol.herokuapp.com/'.</msg>
<status status="PASS" starttime="20220921 22:13:09.782" endtime="20220921 22:13:30.349"/>
</kw>
<status status="PASS" starttime="20220921 22:13:09.782" endtime="20220921 22:13:30.349"/>
</kw>
<kw name="Go To" library="SeleniumLibrary">
<arg>${base_url}/checkboxes</arg>
<doc>Navigates the current browser window to the provided ``url``.</doc>
<msg timestamp="20220921 22:13:30.349" level="INFO">Opening url 'https://training-wheels-protocol.herokuapp.com//checkboxes'</msg>
<status status="PASS" starttime="20220921 22:13:30.349" endtime="20220921 22:13:31.563"/>
</kw>
<kw name="Select Checkbox" library="SeleniumLibrary">
<arg>${cap}</arg>
<doc>Selects the checkbox identified by ``locator``.</doc>
<msg timestamp="20220921 22:13:31.572" level="INFO">Selecting checkbox 'xpath://input[@value="cap"]'.</msg>
<status status="PASS" starttime="20220921 22:13:31.571" endtime="20220921 22:13:31.767"/>
</kw>
<kw name="Checkbox Should Be Selected" library="SeleniumLibrary">
<arg>${cap}</arg>
<doc>Verifies checkbox ``locator`` is selected/checked.</doc>
<msg timestamp="20220921 22:13:31.767" level="INFO">Verifying checkbox 'xpath://input[@value="cap"]' is selected.</msg>
<status status="PASS" starttime="20220921 22:13:31.767" endtime="20220921 22:13:31.827"/>
</kw>
<kw name="Encerra Sessão" library="base" type="TEARDOWN">
<kw name="Capture Page Screenshot" library="SeleniumLibrary">
<doc>Takes a screenshot of the current page and embeds it into a log file.</doc>
<msg timestamp="20220921 22:13:32.020" level="INFO" html="true">&lt;/td&gt;&lt;/tr&gt;&lt;tr&gt;&lt;td colspan="3"&gt;&lt;a href="selenium-screenshot-3.png"&gt;&lt;img src="selenium-screenshot-3.png" width="800px"&gt;&lt;/a&gt;</msg>
<status status="PASS" starttime="20220921 22:13:31.827" endtime="20220921 22:13:32.020"/>
</kw>
<kw name="Close Browser" library="SeleniumLibrary">
<doc>Closes the current browser.</doc>
<status status="PASS" starttime="20220921 22:13:32.020" endtime="20220921 22:13:34.293"/>
</kw>
<status status="PASS" starttime="20220921 22:13:31.827" endtime="20220921 22:13:34.293"/>
</kw>
<status status="PASS" starttime="20220921 22:13:09.782" endtime="20220921 22:13:34.333"/>
</test>
<status status="PASS" starttime="20220921 22:12:31.859" endtime="20220921 22:13:34.333"/>
</suite>
<suite id="s1-s2" name="Radio" source="C:\Users\rodne\Desktop\Cursos\robot-selenium\web\tests\radio.robot">
<test id="s1-s2-t1" name="Selecionando com ID" line="8">
<kw name="Nova Sessão" library="base" type="SETUP">
<kw name="Open Browser" library="SeleniumLibrary">
<arg>${base_url}</arg>
<arg>chrome</arg>
<doc>Opens a new browser instance to the optional ``url``.</doc>
<msg timestamp="20220921 22:13:34.360" level="INFO">Opening browser 'chrome' to base url 'https://training-wheels-protocol.herokuapp.com/'.</msg>
<status status="PASS" starttime="20220921 22:13:34.360" endtime="20220921 22:13:54.066"/>
</kw>
<status status="PASS" starttime="20220921 22:13:34.360" endtime="20220921 22:13:54.066"/>
</kw>
<kw name="Go To" library="SeleniumLibrary">
<arg>${base_url}/radios</arg>
<doc>Navigates the current browser window to the provided ``url``.</doc>
<msg timestamp="20220921 22:13:54.070" level="INFO">Opening url 'https://training-wheels-protocol.herokuapp.com//radios'</msg>
<status status="PASS" starttime="20220921 22:13:54.068" endtime="20220921 22:13:58.917"/>
</kw>
<kw name="Select Radio Button" library="SeleniumLibrary">
<arg>movies</arg>
<arg>thor</arg>
<doc>Sets the radio button group ``group_name`` to ``value``.</doc>
<msg timestamp="20220921 22:13:58.917" level="INFO">Selecting 'thor' from radio button 'movies'.</msg>
<status status="PASS" starttime="20220921 22:13:58.917" endtime="20220921 22:13:59.148"/>
</kw>
<kw name="Radio Button Should Be Set To" library="SeleniumLibrary">
<arg>movies</arg>
<arg>thor</arg>
<doc>Verifies radio button group ``group_name`` is set to ``value``.</doc>
<msg timestamp="20220921 22:13:59.151" level="INFO">Verifying radio button 'movies' has selection 'thor'.</msg>
<status status="PASS" starttime="20220921 22:13:59.151" endtime="20220921 22:13:59.296"/>
</kw>
<kw name="Encerra Sessão" library="base" type="TEARDOWN">
<kw name="Capture Page Screenshot" library="SeleniumLibrary">
<doc>Takes a screenshot of the current page and embeds it into a log file.</doc>
<msg timestamp="20220921 22:13:59.616" level="INFO" html="true">&lt;/td&gt;&lt;/tr&gt;&lt;tr&gt;&lt;td colspan="3"&gt;&lt;a href="selenium-screenshot-4.png"&gt;&lt;img src="selenium-screenshot-4.png" width="800px"&gt;&lt;/a&gt;</msg>
<status status="PASS" starttime="20220921 22:13:59.296" endtime="20220921 22:13:59.616"/>
</kw>
<kw name="Close Browser" library="SeleniumLibrary">
<doc>Closes the current browser.</doc>
<status status="PASS" starttime="20220921 22:13:59.616" endtime="20220921 22:14:01.944"/>
</kw>
<status status="PASS" starttime="20220921 22:13:59.296" endtime="20220921 22:14:01.944"/>
</kw>
<status status="PASS" starttime="20220921 22:13:34.360" endtime="20220921 22:14:01.944"/>
</test>
<test id="s1-s2-t2" name="Selecionando com Value" line="13">
<kw name="Nova Sessão" library="base" type="SETUP">
<kw name="Open Browser" library="SeleniumLibrary">
<arg>${base_url}</arg>
<arg>chrome</arg>
<doc>Opens a new browser instance to the optional ``url``.</doc>
<msg timestamp="20220921 22:14:01.950" level="INFO">Opening browser 'chrome' to base url 'https://training-wheels-protocol.herokuapp.com/'.</msg>
<status status="PASS" starttime="20220921 22:14:01.950" endtime="20220921 22:14:25.248"/>
</kw>
<status status="PASS" starttime="20220921 22:14:01.950" endtime="20220921 22:14:25.250"/>
</kw>
<kw name="Go To" library="SeleniumLibrary">
<arg>${base_url}/radios</arg>
<doc>Navigates the current browser window to the provided ``url``.</doc>
<msg timestamp="20220921 22:14:25.253" level="INFO">Opening url 'https://training-wheels-protocol.herokuapp.com//radios'</msg>
<status status="PASS" starttime="20220921 22:14:25.252" endtime="20220921 22:14:27.608"/>
</kw>
<kw name="Select Radio Button" library="SeleniumLibrary">
<arg>movies</arg>
<arg>the-avengers</arg>
<doc>Sets the radio button group ``group_name`` to ``value``.</doc>
<msg timestamp="20220921 22:14:27.608" level="INFO">Selecting 'the-avengers' from radio button 'movies'.</msg>
<status status="PASS" starttime="20220921 22:14:27.608" endtime="20220921 22:14:27.853"/>
</kw>
<kw name="Radio Button Should Be Set To" library="SeleniumLibrary">
<arg>movies</arg>
<arg>the-avengers</arg>
<doc>Verifies radio button group ``group_name`` is set to ``value``.</doc>
<msg timestamp="20220921 22:14:27.853" level="INFO">Verifying radio button 'movies' has selection 'the-avengers'.</msg>
<status status="PASS" starttime="20220921 22:14:27.853" endtime="20220921 22:14:28.110"/>
</kw>
<kw name="Encerra Sessão" library="base" type="TEARDOWN">
<kw name="Capture Page Screenshot" library="SeleniumLibrary">
<doc>Takes a screenshot of the current page and embeds it into a log file.</doc>
<msg timestamp="20220921 22:14:28.690" level="INFO" html="true">&lt;/td&gt;&lt;/tr&gt;&lt;tr&gt;&lt;td colspan="3"&gt;&lt;a href="selenium-screenshot-5.png"&gt;&lt;img src="selenium-screenshot-5.png" width="800px"&gt;&lt;/a&gt;</msg>
<status status="PASS" starttime="20220921 22:14:28.110" endtime="20220921 22:14:28.690"/>
</kw>
<kw name="Close Browser" library="SeleniumLibrary">
<doc>Closes the current browser.</doc>
<status status="PASS" starttime="20220921 22:14:28.690" endtime="20220921 22:14:30.998"/>
</kw>
<status status="PASS" starttime="20220921 22:14:28.110" endtime="20220921 22:14:30.999"/>
</kw>
<status status="PASS" starttime="20220921 22:14:01.950" endtime="20220921 22:14:31.000"/>
</test>
<status status="PASS" starttime="20220921 22:13:34.343" endtime="20220921 22:14:31.005"/>
</suite>
<suite id="s1-s3" name="Title" source="C:\Users\rodne\Desktop\Cursos\robot-selenium\web\tests\title.robot">
<test id="s1-s3-t1" name="Deve Validar o Título da Página" line="9">
<kw name="Nova Sessão" library="base" type="SETUP">
<kw name="Open Browser" library="SeleniumLibrary">
<arg>${base_url}</arg>
<arg>chrome</arg>
<doc>Opens a new browser instance to the optional ``url``.</doc>
<msg timestamp="20220921 22:14:31.029" level="INFO">Opening browser 'chrome' to base url 'https://training-wheels-protocol.herokuapp.com/'.</msg>
<status status="PASS" starttime="20220921 22:14:31.029" endtime="20220921 22:14:37.123"/>
</kw>
<status status="PASS" starttime="20220921 22:14:31.029" endtime="20220921 22:14:37.123"/>
</kw>
<kw name="Title Should Be" library="SeleniumLibrary">
<arg>Training Wheels Protocol</arg>
<doc>Verifies that the current page title equals ``title``.</doc>
<msg timestamp="20220921 22:14:37.139" level="INFO">Page title is 'Training Wheels Protocol'.</msg>
<status status="PASS" starttime="20220921 22:14:37.123" endtime="20220921 22:14:37.139"/>
</kw>
<kw name="Encerra Sessão" library="base" type="TEARDOWN">
<kw name="Capture Page Screenshot" library="SeleniumLibrary">
<doc>Takes a screenshot of the current page and embeds it into a log file.</doc>
<msg timestamp="20220921 22:14:37.363" level="INFO" html="true">&lt;/td&gt;&lt;/tr&gt;&lt;tr&gt;&lt;td colspan="3"&gt;&lt;a href="selenium-screenshot-6.png"&gt;&lt;img src="selenium-screenshot-6.png" width="800px"&gt;&lt;/a&gt;</msg>
<status status="PASS" starttime="20220921 22:14:37.150" endtime="20220921 22:14:37.363"/>
</kw>
<kw name="Close Browser" library="SeleniumLibrary">
<doc>Closes the current browser.</doc>
<status status="PASS" starttime="20220921 22:14:37.363" endtime="20220921 22:14:39.549"/>
</kw>
<status status="PASS" starttime="20220921 22:14:37.147" endtime="20220921 22:14:39.549"/>
</kw>
<status status="PASS" starttime="20220921 22:14:31.029" endtime="20220921 22:14:39.549"/>
</test>
<status status="PASS" starttime="20220921 22:14:31.012" endtime="20220921 22:14:39.549"/>
</suite>
<status status="PASS" starttime="20220921 22:12:31.843" endtime="20220921 22:14:39.564"/>
</suite>
<statistics>
<total>
<stat pass="6" fail="0" skip="0">All Tests</stat>
</total>
<tag>
<stat pass="1" fail="0" skip="0">ironman</stat>
</tag>
<suite>
<stat pass="6" fail="0" skip="0" id="s1" name="Tests">Tests</stat>
<stat pass="3" fail="0" skip="0" id="s1-s1" name="Checkboxes">Tests.Checkboxes</stat>
<stat pass="2" fail="0" skip="0" id="s1-s2" name="Radio">Tests.Radio</stat>
<stat pass="1" fail="0" skip="0" id="s1-s3" name="Title">Tests.Title</stat>
</suite>
</statistics>
<errors>
</errors>
</robot>
