<?xml version="1.0" encoding="UTF-8"?>
<robot generator="Robot 5.0.1 (Python 3.10.6 on win32)" generated="20220922 15:05:27.191" rpa="false" schemaversion="3">
<suite id="s1" name="Robot-Selenium" source="C:\Users\rodne\Desktop\Cursos\robot-selenium">
<suite id="s1-s1" name="Web" source="C:\Users\rodne\Desktop\Cursos\robot-selenium\web">
<suite id="s1-s1-s1" name="Tests" source="C:\Users\rodne\Desktop\Cursos\robot-selenium\web\tests">
<suite id="s1-s1-s1-s1" name="Tables" source="C:\Users\rodne\Desktop\Cursos\robot-selenium\web\tests\tables.robot">
<test id="s1-s1-s1-s1-t1" name="Deve validar o valor da linha" line="10">
<kw name="Nova Sessão" library="base" type="SETUP">
<kw name="Open Browser" library="SeleniumLibrary">
<arg>${base_url}</arg>
<arg>chrome</arg>
<doc>Opens a new browser instance to the optional ``url``.</doc>
<msg timestamp="20220922 15:05:27.557" level="INFO">Opening browser 'chrome' to base url 'https://training-wheels-protocol.herokuapp.com/'.</msg>
<status status="PASS" starttime="20220922 15:05:27.557" endtime="20220922 15:05:33.882"/>
</kw>
<status status="PASS" starttime="20220922 15:05:27.557" endtime="20220922 15:05:33.882"/>
</kw>
<kw name="Go To" library="SeleniumLibrary">
<arg>${base_url}/tables</arg>
<doc>Navigates the current browser window to the provided ``url``.</doc>
<msg timestamp="20220922 15:05:33.891" level="INFO">Opening url 'https://training-wheels-protocol.herokuapp.com//tables'</msg>
<status status="PASS" starttime="20220922 15:05:33.882" endtime="20220922 15:05:34.483"/>
</kw>
<kw name="Table Row Should Contain" library="SeleniumLibrary">
<arg>id:actors</arg>
<arg>1</arg>
<arg>@robertdowneyjr</arg>
<doc>Verifies that table row contains text ``expected``.</doc>
<status status="PASS" starttime="20220922 15:05:34.491" endtime="20220922 15:05:34.657"/>
</kw>
<kw name="Encerra Sessão" library="base" type="TEARDOWN">
<kw name="Capture Page Screenshot" library="SeleniumLibrary">
<doc>Takes a screenshot of the current page and embeds it into a log file.</doc>
<msg timestamp="20220922 15:05:35.009" level="INFO" html="true">&lt;/td&gt;&lt;/tr&gt;&lt;tr&gt;&lt;td colspan="3"&gt;&lt;a href="selenium-screenshot-12.png"&gt;&lt;img src="selenium-screenshot-12.png" width="800px"&gt;&lt;/a&gt;</msg>
<status status="PASS" starttime="20220922 15:05:34.665" endtime="20220922 15:05:35.017"/>
</kw>
<kw name="Close Browser" library="SeleniumLibrary">
<doc>Closes the current browser.</doc>
<status status="PASS" starttime="20220922 15:05:35.017" endtime="20220922 15:05:37.315"/>
</kw>
<status status="PASS" starttime="20220922 15:05:34.657" endtime="20220922 15:05:37.315"/>
</kw>
<status status="PASS" starttime="20220922 15:05:27.549" endtime="20220922 15:05:37.315"/>
</test>
<status status="PASS" starttime="20220922 15:05:27.257" endtime="20220922 15:05:37.326"/>
</suite>
<status status="PASS" starttime="20220922 15:05:27.250" endtime="20220922 15:05:37.335"/>
</suite>
<status status="PASS" starttime="20220922 15:05:27.248" endtime="20220922 15:05:37.343"/>
</suite>
<status status="PASS" starttime="20220922 15:05:27.207" endtime="20220922 15:05:37.359"/>
</suite>
<statistics>
<total>
<stat pass="1" fail="0" skip="0">All Tests</stat>
</total>
<tag>
</tag>
<suite>
<stat pass="1" fail="0" skip="0" id="s1" name="Robot-Selenium">Robot-Selenium</stat>
<stat pass="1" fail="0" skip="0" id="s1-s1" name="Web">Robot-Selenium.Web</stat>
<stat pass="1" fail="0" skip="0" id="s1-s1-s1" name="Tests">Robot-Selenium.Web.Tests</stat>
<stat pass="1" fail="0" skip="0" id="s1-s1-s1-s1" name="Tables">Robot-Selenium.Web.Tests.Tables</stat>
</suite>
</statistics>
<errors>
</errors>
</robot>
